mktextfm cmr
mktextfm cmr
mktextfm cmr
mktextfm cmr/BI
mktextfm cmr
mktextfm cmr/B
mktextfm cmr
mktextfm cmr/I
mktextfm cmr
mktextfm cmr
mktextfm cmss
mktextfm cmss
mktextfm cmss
mktextfm cmss/BI
mktextfm cmss
mktextfm cmss/B
mktextfm cmss
mktextfm cmss/I
mktextfm cmss
mktextfm cmss
mktextfm cmtt
mktextfm cmtt
mktextfm cmtt
mktextfm cmtt/BI
mktextfm cmtt
mktextfm cmtt/B
mktextfm cmtt
mktextfm cmtt/I
mktextfm cmtt
mktextfm cmtt
mktextfm cmr
mktextfm cmr
mktextfm cmr
mktextfm cmr
mktextfm cmr
mktextfm cmr
mktextfm cmss
mktextfm cmr
mktextfm cmr
mktextfm cmr
mktextfm cmr
mktextfm cmss
mktextfm cmss
mktextfm cmss
mktextfm cmr
mktextfm cmr
mktextfm cmr
mktextfm cmr
mktextfm cmr
mktextfm cmr
mktextfm cmr/BI
mktextfm cmr
mktextfm cmr/B
mktextfm cmr
mktextfm cmr/I
mktextfm cmr
mktextfm cmr
mktextfm cmr
mktextfm cmr
mktextfm cmr
mktextfm cmr
mktextfm cmr
mktextfm cmr
mktextfm cmr
mktextfm cmr
mktextfm cmr
mktextfm cmr
mktextfm cmr
mktextfm cmr
mktextfm cmr
mktextfm cmr
mktextfm cmr
mktextfm Exo
mktextfm Exo
mktextfm Exo
mktextfm Exo/BI
mktextfm Exo
mktextfm Exo/B
mktextfm Exo
mktextfm Exo/I
mktextfm Exo
mktextfm Exo
mktextfm Exo
mktextfm Exo
mktextfm Exo
mktextfm Exo
mktextfm Exo
mktextfm Exo
mktextfm Exo
mktextfm Exo
mktextfm Exo
mktextfm Exo
mktextfm Exo
mktextfm Exo
mktextfm Exo
mktextfm Exo
mktextfm Exo
mktextfm Exo
mktextfm Exo/BI
mktextfm Exo
mktextfm Exo/B
mktextfm Exo
mktextfm Exo/I
mktextfm Exo
mktextfm Exo
mktextfm Exo
mktextfm Exo
mktextfm Exo
mktextfm Exo
mktextfm Exo
mktextfm Exo
mktextfm Exo
mktextfm Exo
mktextfm Exo
mktextfm Exo
mktextfm Exo
mktextfm Exo
mktextfm Exo
mktexpk --mfmode / --bdpi 600 --mag 1+0/600 --dpi 600 ugmr8a.pfb
mktexpk --mfmode / --bdpi 600 --mag 1+0/600 --dpi 600 ugmr8a.pfb
mktexpk --mfmode / --bdpi 600 --mag 1+0/600 --dpi 600 ugmr8a.pfb
mktexpk --mfmode / --bdpi 600 --mag 1+0/600 --dpi 600 ugmr8a.pfb
mktextfm FreeSerif
mktextfm FreeSerif
mktextfm FreeSerif
mktextfm FreeSerif/BI
mktextfm FreeSerif
mktextfm FreeSerif/B
mktextfm FreeSerif
mktextfm FreeSerif/I
mktextfm FreeSerif
mktextfm FreeSerif
mktextfm FreeSerif
mktextfm FreeSans
mktextfm FreeSans
mktextfm FreeSans
mktextfm FreeSans/BI
mktextfm FreeSans
mktextfm FreeSans/B
mktextfm FreeSans
mktextfm FreeSans/I
mktextfm FreeSans
mktextfm FreeSans
mktextfm FreeMono
mktextfm FreeMono
mktextfm FreeMono
mktextfm FreeMono/BI
mktextfm FreeMono
mktextfm FreeMono/B
mktextfm FreeMono
mktextfm FreeMono/I
mktextfm FreeMono
mktextfm FreeMono
mktextfm FreeSerif
mktextfm FreeSerif
mktextfm FreeSerif
mktextfm FreeSerif
mktextfm FreeSerif
mktextfm FreeSerif
mktextfm FreeSerif
mktextfm FreeSerif
mktextfm FreeSerif
mktextfm FreeSans
mktextfm FreeSans
mktextfm FreeSans
mktextfm FreeSerif
mktextfm FreeSerif
mktextfm FreeSerif
mktextfm FreeSerif
mktextfm FreeSerif
mktextfm FreeSans
mktextfm FreeSerif
mktextfm FreeSerif
mktextfm FreeSerif
mktextfm FreeSerif/BI
mktextfm FreeSerif
mktextfm FreeSerif/B
mktextfm FreeSerif
mktextfm FreeSerif/I
mktextfm FreeSerif
mktextfm FreeSerif
mktextfm FreeSerif
mktextfm FreeSans
mktextfm FreeSans
mktextfm FreeSans
mktextfm FreeSans/BI
mktextfm FreeSans
mktextfm FreeSans/B
mktextfm FreeSans
mktextfm FreeSans/I
mktextfm FreeSans
mktextfm FreeSans
mktextfm FreeMono
mktextfm FreeMono
mktextfm FreeMono
mktextfm FreeMono/BI
mktextfm FreeMono
mktextfm FreeMono/B
mktextfm FreeMono
mktextfm FreeMono/I
mktextfm FreeMono
mktextfm FreeMono
mktextfm FreeSerif
mktextfm FreeSerif
mktextfm FreeSerif
mktextfm FreeSerif
mktextfm FreeSerif
mktextfm FreeSerif
mktextfm FreeSerif
mktextfm FreeSerif
mktextfm FreeSerif
mktextfm FreeSans
mktextfm FreeSans
mktextfm FreeSans
mktextfm FreeSerif
mktextfm FreeSerif
mktextfm FreeSerif
mktextfm FreeSerif
mktextfm FreeSerif
mktextfm FreeSans
